<?xml version="1.0" encoding="UTF-8"?>
<!-- Generated by org.testng.reporters.JUnitReportReporter -->
<testsuite hostname="LAPTOP-MDM1H7HV" failures="0" tests="7" name="test.OtherTests" time="0.002" errors="0" timestamp="2021-06-16T17:46:09 ART" skipped="0">
  <testcase classname="test.OtherTests" name="notEquals" time="0.001"/>
  <system-out/>
  <testcase classname="test.OtherTests" name="testEquals" time="0.000"/>
  <system-out/>
  <testcase classname="test.OtherTests" name="testBoolEquals" time="0.000"/>
  <system-out/>
  <testcase classname="test.OtherTests" name="testNumericEquals" time="0.000"/>
  <system-out/>
  <testcase classname="test.OtherTests" name="testTrue" time="0.000"/>
  <system-out/>
  <testcase classname="test.OtherTests" name="testFalse" time="0.000"/>
  <system-out/>
  <testcase classname="test.OtherTests" name="testStringsEquals" time="0.001"/>
  <system-out/>
</testsuite> <!-- test.OtherTests -->
