<?xml version="1.0" encoding="UTF-8"?>
<!-- Generated by org.testng.reporters.JUnitReportReporter -->
<testsuite hostname="LAPTOP-MDM1H7HV" failures="0" tests="1" name="test.OrderTest" time="7.282" errors="0" timestamp="2021-06-10T17:37:05 ART" skipped="0">
  <testcase classname="test.OrderTest" name="searchByHigherPriceTest" time="7.282"/>
  <system-out/>
</testsuite> <!-- test.OrderTest -->
