<?xml version="1.0" encoding="UTF-8"?>
<!-- Generated by org.testng.reporters.JUnitReportReporter -->
<testsuite hostname="LAPTOP-MDM1H7HV" failures="0" tests="2" name="test.SearchTest" time="11.671" errors="0" timestamp="2021-06-10T17:37:05 ART" skipped="0">
  <testcase classname="test.SearchTest" name="testSearchWithResult" time="5.742"/>
  <system-out/>
  <testcase classname="test.SearchTest" name="testSearchWithoutResult" time="5.929"/>
  <system-out/>
</testsuite> <!-- test.SearchTest -->
