<?xml version="1.0" encoding="UTF-8"?>
<!-- Generated by org.testng.reporters.JUnitReportReporter -->
<testsuite hostname="LAPTOP-MDM1H7HV" failures="0" tests="1" name="test.OrderTest" time="21.647" errors="0" timestamp="2021-06-16T17:58:38 ART" skipped="0">
  <testcase classname="test.OrderTest" name="searchByHigherPriceTest" time="21.647"/>
  <system-out/>
</testsuite> <!-- test.OrderTest -->
