<?xml version="1.0" encoding="UTF-8"?>
<!-- Generated by org.testng.reporters.JUnitReportReporter -->
<testsuite hostname="LAPTOP-MDM1H7HV" failures="0" tests="2" name="test.SearchTest" time="11.707" errors="0" timestamp="2021-06-09T17:46:50 ART" skipped="0">
  <testcase classname="test.SearchTest" name="testSearchWithResult" time="6.272"/>
  <system-out/>
  <testcase classname="test.SearchTest" name="testSearchWithoutResult" time="5.435"/>
  <system-out/>
</testsuite> <!-- test.SearchTest -->
