<?xml version="1.0" encoding="UTF-8"?>
<!-- Generated by org.testng.reporters.JUnitReportReporter -->
<testsuite hostname="LAPTOP-MDM1H7HV" failures="0" tests="1" name="test.OrderTest" time="11.907" errors="0" timestamp="2021-06-15T18:03:08 ART" skipped="0">
  <testcase classname="test.OrderTest" name="searchByHigherPriceTest" time="11.907"/>
  <system-out/>
</testsuite> <!-- test.OrderTest -->
