<?xml version="1.0" encoding="UTF-8"?>
<!-- Generated by org.testng.reporters.JUnitReportReporter -->
<testsuite hostname="LAPTOP-MDM1H7HV" failures="0" tests="2" name="test.SearchTest" time="31.648" errors="0" timestamp="2021-06-07T17:58:03 ART" skipped="0">
  <testcase classname="test.SearchTest" name="testSearchWithoutResult" time="12.771"/>
  <system-out/>
  <testcase classname="test.SearchTest" name="testSearchWithResult" time="18.877"/>
  <system-out/>
</testsuite> <!-- test.SearchTest -->
