<?xml version="1.0" encoding="UTF-8"?>
<!-- Generated by org.testng.reporters.JUnitReportReporter -->
<testsuite hostname="LAPTOP-MDM1H7HV" failures="0" tests="1" name="test.OrderTest" time="4.915" errors="0" timestamp="2021-06-14T17:57:58 ART" skipped="0">
  <testcase classname="test.OrderTest" name="searchByHigherPriceTest" time="4.915"/>
  <system-out/>
</testsuite> <!-- test.OrderTest -->
