<?xml version="1.0" encoding="UTF-8"?>
<!-- Generated by org.testng.reporters.JUnitReportReporter -->
<testsuite hostname="LAPTOP-MDM1H7HV" failures="0" tests="2" name="test.SearchTest" time="13.347" errors="0" timestamp="2021-06-15T18:03:08 ART" skipped="0">
  <testcase classname="test.SearchTest" name="testSearchWithResult" time="6.633"/>
  <system-out/>
  <testcase classname="test.SearchTest" name="testSearchWithoutResult" time="6.714"/>
  <system-out/>
</testsuite> <!-- test.SearchTest -->
