<?xml version="1.0" encoding="UTF-8"?>
<!-- Generated by org.testng.reporters.JUnitReportReporter -->
<testsuite hostname="LAPTOP-MDM1H7HV" failures="0" tests="1" name="test.SearchTest" time="6.787" errors="0" timestamp="2021-06-03T17:47:00 ART" skipped="0">
  <testcase classname="test.SearchTest" name="testSearchwithResults" time="6.787"/>
  <system-out/>
</testsuite> <!-- test.SearchTest -->
